<?xml version="1.0" encoding="UTF-8"?><testrun name="AddressTimedependentTest" project="org.osbp.jpa.historized.tests" tests="1" started="1" failures="0" errors="1" ignored="0">
  <testsuite name="org.osbp.jpa.historized.tests.AddressTimedependentTest" time="68.375">
    <testcase name="testNewVersion" classname="org.osbp.jpa.historized.tests.AddressTimedependentTest" time="68.375">
      <error>javax.persistence.PersistenceException: java.lang.ClassCastException: org.eclipse.persistence.queries.ReadAllQuery cannot be cast to org.eclipse.persistence.queries.ReadObjectQuery
	at org.eclipse.persistence.internal.jpa.QueryImpl.getResultList(QueryImpl.java:484)
	at org.osbp.jpa.historized.tests.AddressService.getValidByDate(AddressService.java:31)
	at org.osbp.jpa.historized.tests.AddressService.getCurrentValid(AddressService.java:25)
	at org.osbp.jpa.historized.tests.AddressTimedependentTest.testNewVersion(AddressTimedependentTest.java:95)
	at sun.reflect.NativeMethodAccessorImpl.invoke0(Native Method)
	at sun.reflect.NativeMethodAccessorImpl.invoke(NativeMethodAccessorImpl.java:62)
	at sun.reflect.DelegatingMethodAccessorImpl.invoke(DelegatingMethodAccessorImpl.java:43)
	at java.lang.reflect.Method.invoke(Method.java:498)
	at org.junit.runners.model.FrameworkMethod$1.runReflectiveCall(FrameworkMethod.java:50)
	at org.junit.internal.runners.model.ReflectiveCallable.run(ReflectiveCallable.java:12)
	at org.junit.runners.model.FrameworkMethod.invokeExplosively(FrameworkMethod.java:47)
	at org.junit.internal.runners.statements.InvokeMethod.evaluate(InvokeMethod.java:17)
	at org.junit.runners.ParentRunner.runLeaf(ParentRunner.java:325)
	at org.junit.runners.BlockJUnit4ClassRunner.runChild(BlockJUnit4ClassRunner.java:78)
	at org.junit.runners.BlockJUnit4ClassRunner.runChild(BlockJUnit4ClassRunner.java:57)
	at org.junit.runners.ParentRunner$3.run(ParentRunner.java:290)
	at org.junit.runners.ParentRunner$1.schedule(ParentRunner.java:71)
	at org.junit.runners.ParentRunner.runChildren(ParentRunner.java:288)
	at org.junit.runners.ParentRunner.access$000(ParentRunner.java:58)
	at org.junit.runners.ParentRunner$2.evaluate(ParentRunner.java:268)
	at org.junit.runners.ParentRunner.run(ParentRunner.java:363)
	at org.eclipse.jdt.internal.junit4.runner.JUnit4TestReference.run(JUnit4TestReference.java:86)
	at org.eclipse.jdt.internal.junit.runner.TestExecution.run(TestExecution.java:38)
	at org.eclipse.jdt.internal.junit.runner.RemoteTestRunner.runTests(RemoteTestRunner.java:459)
	at org.eclipse.jdt.internal.junit.runner.RemoteTestRunner.runTests(RemoteTestRunner.java:678)
	at org.eclipse.jdt.internal.junit.runner.RemoteTestRunner.run(RemoteTestRunner.java:382)
	at org.eclipse.jdt.internal.junit.runner.RemoteTestRunner.main(RemoteTestRunner.java:192)
Caused by: java.lang.ClassCastException: org.eclipse.persistence.queries.ReadAllQuery cannot be cast to org.eclipse.persistence.queries.ReadObjectQuery
	at org.osbp.jpa.historized.tests.entities.AddressTimedependetQueryRedirector.invokeQuery(AddressTimedependetQueryRedirector.java:29)
	at org.eclipse.persistence.queries.DatabaseQuery.redirectQuery(DatabaseQuery.java:1942)
	at org.eclipse.persistence.queries.DatabaseQuery.execute(DatabaseQuery.java:829)
	at org.eclipse.persistence.queries.ObjectLevelReadQuery.execute(ObjectLevelReadQuery.java:1132)
	at org.eclipse.persistence.queries.ReadAllQuery.execute(ReadAllQuery.java:442)
	at org.eclipse.persistence.queries.ObjectLevelReadQuery.executeInUnitOfWork(ObjectLevelReadQuery.java:1220)
	at org.eclipse.persistence.internal.sessions.UnitOfWorkImpl.internalExecuteQuery(UnitOfWorkImpl.java:2896)
	at org.eclipse.persistence.internal.sessions.AbstractSession.executeQuery(AbstractSession.java:1857)
	at org.eclipse.persistence.internal.sessions.AbstractSession.executeQuery(AbstractSession.java:1839)
	at org.eclipse.persistence.internal.sessions.AbstractSession.executeQuery(AbstractSession.java:1804)
	at org.eclipse.persistence.internal.jpa.QueryImpl.executeReadQuery(QueryImpl.java:258)
	at org.eclipse.persistence.internal.jpa.QueryImpl.getResultList(QueryImpl.java:473)
	... 26 more

</error>
    </testcase>
  </testsuite>
</testrun>
